# JRE version: OpenJDK Runtime Environment (8.0_131-b11) (build 1.8.0_131-8u131-b11-0ubuntu1.16.04.2-b11)
# Java VM: OpenJDK 64-Bit Server VM (25.131-b11 mixed mode linux-amd64 compressed oops)
Heap:
 PSYoungGen      total 528384K, used 11738K [0x00000000d6700000, 0x00000000f7b00000, 0x0000000100000000)
  eden space 514048K, 0% used [0x00000000d6700000,0x00000000d6700000,0x00000000f5d00000)
  from space 14336K, 81% used [0x00000000f5f00000,0x00000000f6a76968,0x00000000f6d00000)
  to   space 4608K, 0% used [0x00000000f7680000,0x00000000f7680000,0x00000000f7b00000)
 ParOldGen       total 48128K, used 27014K [0x0000000083400000, 0x0000000086300000, 0x00000000d6700000)
  object space 48128K, 56% used [0x0000000083400000,0x0000000084e61b70,0x0000000086300000)
 Metaspace       used 14587K, capacity 14763K, committed 14848K, reserved 1062912K
  class space    used 1446K, capacity 1512K, committed 1536K, reserved 1048576K
GC Heap History (10 events):
Event: 6,944 GC heap after
Heap after GC invocations=7 (full 1):
 PSYoungGen      total 226304K, used 1944K [0x00000000d6700000, 0x00000000e6400000, 0x0000000100000000)
  eden space 212992K, 0% used [0x00000000d6700000,0x00000000d6700000,0x00000000e3700000)
  from space 13312K, 14% used [0x00000000e4480000,0x00000000e4666020,0x00000000e5180000)
  to   space 13824K, 0% used [0x00000000e3700000,0x00000000e3700000,0x00000000e4480000)
 ParOldGen       total 48128K, used 24630K [0x0000000083400000, 0x0000000086300000, 0x00000000d6700000)
  object space 48128K, 51% used [0x0000000083400000,0x0000000084c0db40,0x0000000086300000)
 Metaspace       used 13734K, capacity 13899K, committed 14080K, reserved 1062912K
  class space    used 1400K, capacity 1480K, committed 1536K, reserved 1048576K
}
Event: 7,915 GC heap before
{Heap before GC invocations=8 (full 1):
 PSYoungGen      total 226304K, used 214936K [0x00000000d6700000, 0x00000000e6400000, 0x0000000100000000)
  eden space 212992K, 100% used [0x00000000d6700000,0x00000000e3700000,0x00000000e3700000)
  from space 13312K, 14% used [0x00000000e4480000,0x00000000e4666020,0x00000000e5180000)
  to   space 13824K, 0% used [0x00000000e3700000,0x00000000e3700000,0x00000000e4480000)
 ParOldGen       total 48128K, used 24630K [0x0000000083400000, 0x0000000086300000, 0x00000000d6700000)
  object space 48128K, 51% used [0x0000000083400000,0x0000000084c0db40,0x0000000086300000)
 Metaspace       used 13751K, capacity 13963K, committed 14080K, reserved 1062912K
  class space    used 1400K, capacity 1480K, committed 1536K, reserved 1048576K
Event: 7,935 GC heap after
Heap after GC invocations=8 (full 1):
 PSYoungGen      total 226816K, used 7536K [0x00000000d6700000, 0x00000000eec00000, 0x0000000100000000)
  eden space 212992K, 0% used [0x00000000d6700000,0x00000000d6700000,0x00000000e3700000)
  from space 13824K, 54% used [0x00000000e3700000,0x00000000e3e5c070,0x00000000e4480000)
  to   space 13312K, 0% used [0x00000000edf00000,0x00000000edf00000,0x00000000eec00000)
 ParOldGen       total 48128K, used 24630K [0x0000000083400000, 0x0000000086300000, 0x00000000d6700000)
  object space 48128K, 51% used [0x0000000083400000,0x0000000084c0db40,0x0000000086300000)
 Metaspace       used 13751K, capacity 13963K, committed 14080K, reserved 1062912K
  class space    used 1400K, capacity 1480K, committed 1536K, reserved 1048576K
}
Event: 8,780 GC heap before
{Heap before GC invocations=9 (full 1):
 PSYoungGen      total 226816K, used 220528K [0x00000000d6700000, 0x00000000eec00000, 0x0000000100000000)
  eden space 212992K, 100% used [0x00000000d6700000,0x00000000e3700000,0x00000000e3700000)
  from space 13824K, 54% used [0x00000000e3700000,0x00000000e3e5c070,0x00000000e4480000)
  to   space 13312K, 0% used [0x00000000edf00000,0x00000000edf00000,0x00000000eec00000)
 ParOldGen       total 48128K, used 24630K [0x0000000083400000, 0x0000000086300000, 0x00000000d6700000)
  object space 48128K, 51% used [0x0000000083400000,0x0000000084c0db40,0x0000000086300000)
 Metaspace       used 13782K, capacity 13963K, committed 14080K, reserved 1062912K
  class space    used 1401K, capacity 1480K, committed 1536K, reserved 1048576K
Event: 8,800 GC heap after
Heap after GC invocations=9 (full 1):
 PSYoungGen      total 381952K, used 11440K [0x00000000d6700000, 0x00000000eeb80000, 0x0000000100000000)
  eden space 369152K, 0% used [0x00000000d6700000,0x00000000d6700000,0x00000000ecf80000)
  from space 12800K, 89% used [0x00000000edf00000,0x00000000eea2c0b0,0x00000000eeb80000)
  to   space 14336K, 0% used [0x00000000ecf80000,0x00000000ecf80000,0x00000000edd80000)
 ParOldGen       total 48128K, used 24702K [0x0000000083400000, 0x0000000086300000, 0x00000000d6700000)
  object space 48128K, 51% used [0x0000000083400000,0x0000000084c1fb40,0x0000000086300000)
 Metaspace       used 13782K, capacity 13963K, committed 14080K, reserved 1062912K
  class space    used 1401K, capacity 1480K, committed 1536K, reserved 1048576K
}
Event: 10,882 GC heap before
{Heap before GC invocations=10 (full 1):
 PSYoungGen      total 381952K, used 380592K [0x00000000d6700000, 0x00000000eeb80000, 0x0000000100000000)
  eden space 369152K, 100% used [0x00000000d6700000,0x00000000ecf80000,0x00000000ecf80000)
  from space 12800K, 89% used [0x00000000edf00000,0x00000000eea2c0b0,0x00000000eeb80000)
  to   space 14336K, 0% used [0x00000000ecf80000,0x00000000ecf80000,0x00000000edd80000)
 ParOldGen       total 48128K, used 24702K [0x0000000083400000, 0x0000000086300000, 0x00000000d6700000)
  object space 48128K, 51% used [0x0000000083400000,0x0000000084c1fb40,0x0000000086300000)
 Metaspace       used 13846K, capacity 14027K, committed 14336K, reserved 1062912K
  class space    used 1408K, capacity 1480K, committed 1536K, reserved 1048576K
Event: 10,914 GC heap after
Heap after GC invocations=10 (full 1):
 PSYoungGen      total 383488K, used 9152K [0x00000000d6700000, 0x00000000f8480000, 0x0000000100000000)
  eden space 369152K, 0% used [0x00000000d6700000,0x00000000d6700000,0x00000000ecf80000)
  from space 14336K, 63% used [0x00000000ecf80000,0x00000000ed870080,0x00000000edd80000)
  to   space 14336K, 0% used [0x00000000f7680000,0x00000000f7680000,0x00000000f8480000)
 ParOldGen       total 48128K, used 25054K [0x0000000083400000, 0x0000000086300000, 0x00000000d6700000)
  object space 48128K, 52% used [0x0000000083400000,0x0000000084c77b60,0x0000000086300000)
 Metaspace       used 13846K, capacity 14027K, committed 14336K, reserved 1062912K
  class space    used 1408K, capacity 1480K, committed 1536K, reserved 1048576K
}
Event: 21,595 GC heap before
{Heap before GC invocations=11 (full 1):
 PSYoungGen      total 383488K, used 378304K [0x00000000d6700000, 0x00000000f8480000, 0x0000000100000000)
  eden space 369152K, 100% used [0x00000000d6700000,0x00000000ecf80000,0x00000000ecf80000)
  from space 14336K, 63% used [0x00000000ecf80000,0x00000000ed870080,0x00000000edd80000)
  to   space 14336K, 0% used [0x00000000f7680000,0x00000000f7680000,0x00000000f8480000)
 ParOldGen       total 48128K, used 25054K [0x0000000083400000, 0x0000000086300000, 0x00000000d6700000)
  object space 48128K, 52% used [0x0000000083400000,0x0000000084c77b60,0x0000000086300000)
 Metaspace       used 14511K, capacity 14699K, committed 14848K, reserved 1062912K
  class space    used 1446K, capacity 1512K, committed 1536K, reserved 1048576K
Event: 21,634 GC heap after
Heap after GC invocations=11 (full 1):
 PSYoungGen      total 518656K, used 4096K [0x00000000d6700000, 0x00000000f7b00000, 0x0000000100000000)
  eden space 514048K, 0% used [0x00000000d6700000,0x00000000d6700000,0x00000000f5d00000)
  from space 4608K, 88% used [0x00000000f7680000,0x00000000f7a80020,0x00000000f7b00000)
  to   space 14336K, 0% used [0x00000000f5f00000,0x00000000f5f00000,0x00000000f6d00000)
 ParOldGen       total 48128K, used 25398K [0x0000000083400000, 0x0000000086300000, 0x00000000d6700000)
  object space 48128K, 52% used [0x0000000083400000,0x0000000084ccdb60,0x0000000086300000)
 Metaspace       used 14511K, capacity 14699K, committed 14848K, reserved 1062912K
  class space    used 1446K, capacity 1512K, committed 1536K, reserved 1048576K
}
Event: 23,685 GC heap before
{Heap before GC invocations=12 (full 1):
 PSYoungGen      total 518656K, used 518144K [0x00000000d6700000, 0x00000000f7b00000, 0x0000000100000000)
  eden space 514048K, 100% used [0x00000000d6700000,0x00000000f5d00000,0x00000000f5d00000)
  from space 4608K, 88% used [0x00000000f7680000,0x00000000f7a80020,0x00000000f7b00000)
  to   space 14336K, 0% used [0x00000000f5f00000,0x00000000f5f00000,0x00000000f6d00000)
 ParOldGen       total 48128K, used 25398K [0x0000000083400000, 0x0000000086300000, 0x00000000d6700000)
  object space 48128K, 52% used [0x0000000083400000,0x0000000084ccdb60,0x0000000086300000)
 Metaspace       used 14587K, capacity 14763K, committed 14848K, reserved 1062912K
  class space    used 1446K, capacity 1512K, committed 1536K, reserved 1048576K

