# JRE version: OpenJDK Runtime Environment (8.0_151-b12) (build 1.8.0_151-8u151-b12-0ubuntu0.16.04.2-b12)
# Java VM: OpenJDK 64-Bit Server VM (25.151-b12 mixed mode linux-amd64 compressed oops)
Heap:
 PSYoungGen      total 679936K, used 489548K [0x00000000d6700000, 0x0000000100000000, 0x0000000100000000)
  eden space 678912K, 72% used [0x00000000d6700000,0x00000000f4463378,0x00000000ffe00000)
  from space 1024K, 68% used [0x00000000fff00000,0x00000000fffb0000,0x0000000100000000)
  to   space 1024K, 0% used [0x00000000ffe00000,0x00000000ffe00000,0x00000000fff00000)
 ParOldGen       total 230912K, used 155711K [0x0000000083400000, 0x0000000091580000, 0x00000000d6700000)
  object space 230912K, 67% used [0x0000000083400000,0x000000008cc0fea0,0x0000000091580000)
 Metaspace       used 16289K, capacity 16529K, committed 16896K, reserved 1064960K
  class space    used 1603K, capacity 1673K, committed 1792K, reserved 1048576K
GC Heap History (10 events):
Event: 1158,931 GC heap before
{Heap before GC invocations=1548 (full 4):
 PSYoungGen      total 679936K, used 679584K [0x00000000d6700000, 0x0000000100000000, 0x0000000100000000)
  eden space 678912K, 100% used [0x00000000d6700000,0x00000000ffe00000,0x00000000ffe00000)
  from space 1024K, 65% used [0x00000000ffe00000,0x00000000ffea8000,0x00000000fff00000)
  to   space 1024K, 0% used [0x00000000fff00000,0x00000000fff00000,0x0000000100000000)
 ParOldGen       total 230912K, used 155607K [0x0000000083400000, 0x0000000091580000, 0x00000000d6700000)
  object space 230912K, 67% used [0x0000000083400000,0x000000008cbf5ea0,0x0000000091580000)
 Metaspace       used 16260K, capacity 16465K, committed 16640K, reserved 1064960K
  class space    used 1597K, capacity 1673K, committed 1792K, reserved 1048576K
Event: 1158,939 GC heap after
Heap after GC invocations=1548 (full 4):
 PSYoungGen      total 679936K, used 672K [0x00000000d6700000, 0x0000000100000000, 0x0000000100000000)
  eden space 678912K, 0% used [0x00000000d6700000,0x00000000d6700000,0x00000000ffe00000)
  from space 1024K, 65% used [0x00000000fff00000,0x00000000fffa8000,0x0000000100000000)
  to   space 1024K, 0% used [0x00000000ffe00000,0x00000000ffe00000,0x00000000fff00000)
 ParOldGen       total 230912K, used 155631K [0x0000000083400000, 0x0000000091580000, 0x00000000d6700000)
  object space 230912K, 67% used [0x0000000083400000,0x000000008cbfbea0,0x0000000091580000)
 Metaspace       used 16260K, capacity 16465K, committed 16640K, reserved 1064960K
  class space    used 1597K, capacity 1673K, committed 1792K, reserved 1048576K
}
Event: 1159,674 GC heap before
{Heap before GC invocations=1549 (full 4):
 PSYoungGen      total 679936K, used 679584K [0x00000000d6700000, 0x0000000100000000, 0x0000000100000000)
  eden space 678912K, 100% used [0x00000000d6700000,0x00000000ffe00000,0x00000000ffe00000)
  from space 1024K, 65% used [0x00000000fff00000,0x00000000fffa8000,0x0000000100000000)
  to   space 1024K, 0% used [0x00000000ffe00000,0x00000000ffe00000,0x00000000fff00000)
 ParOldGen       total 230912K, used 155631K [0x0000000083400000, 0x0000000091580000, 0x00000000d6700000)
  object space 230912K, 67% used [0x0000000083400000,0x000000008cbfbea0,0x0000000091580000)
 Metaspace       used 16260K, capacity 16465K, committed 16640K, reserved 1064960K
  class space    used 1597K, capacity 1673K, committed 1792K, reserved 1048576K
Event: 1159,684 GC heap after
Heap after GC invocations=1549 (full 4):
 PSYoungGen      total 679936K, used 704K [0x00000000d6700000, 0x0000000100000000, 0x0000000100000000)
  eden space 678912K, 0% used [0x00000000d6700000,0x00000000d6700000,0x00000000ffe00000)
  from space 1024K, 68% used [0x00000000ffe00000,0x00000000ffeb0000,0x00000000fff00000)
  to   space 1024K, 0% used [0x00000000fff00000,0x00000000fff00000,0x0000000100000000)
 ParOldGen       total 230912K, used 155655K [0x0000000083400000, 0x0000000091580000, 0x00000000d6700000)
  object space 230912K, 67% used [0x0000000083400000,0x000000008cc01ea0,0x0000000091580000)
 Metaspace       used 16260K, capacity 16465K, committed 16640K, reserved 1064960K
  class space    used 1597K, capacity 1673K, committed 1792K, reserved 1048576K
}
Event: 1160,406 GC heap before
{Heap before GC invocations=1550 (full 4):
 PSYoungGen      total 679936K, used 679616K [0x00000000d6700000, 0x0000000100000000, 0x0000000100000000)
  eden space 678912K, 100% used [0x00000000d6700000,0x00000000ffe00000,0x00000000ffe00000)
  from space 1024K, 68% used [0x00000000ffe00000,0x00000000ffeb0000,0x00000000fff00000)
  to   space 1024K, 0% used [0x00000000fff00000,0x00000000fff00000,0x0000000100000000)
 ParOldGen       total 230912K, used 155655K [0x0000000083400000, 0x0000000091580000, 0x00000000d6700000)
  object space 230912K, 67% used [0x0000000083400000,0x000000008cc01ea0,0x0000000091580000)
 Metaspace       used 16260K, capacity 16465K, committed 16640K, reserved 1064960K
  class space    used 1597K, capacity 1673K, committed 1792K, reserved 1048576K
Event: 1160,420 GC heap after
Heap after GC invocations=1550 (full 4):
 PSYoungGen      total 679936K, used 672K [0x00000000d6700000, 0x0000000100000000, 0x0000000100000000)
  eden space 678912K, 0% used [0x00000000d6700000,0x00000000d6700000,0x00000000ffe00000)
  from space 1024K, 65% used [0x00000000fff00000,0x00000000fffa8000,0x0000000100000000)
  to   space 1024K, 0% used [0x00000000ffe00000,0x00000000ffe00000,0x00000000fff00000)
 ParOldGen       total 230912K, used 155655K [0x0000000083400000, 0x0000000091580000, 0x00000000d6700000)
  object space 230912K, 67% used [0x0000000083400000,0x000000008cc01ea0,0x0000000091580000)
 Metaspace       used 16260K, capacity 16465K, committed 16640K, reserved 1064960K
  class space    used 1597K, capacity 1673K, committed 1792K, reserved 1048576K
}
Event: 1161,172 GC heap before
{Heap before GC invocations=1551 (full 4):
 PSYoungGen      total 679936K, used 679584K [0x00000000d6700000, 0x0000000100000000, 0x0000000100000000)
  eden space 678912K, 100% used [0x00000000d6700000,0x00000000ffe00000,0x00000000ffe00000)
  from space 1024K, 65% used [0x00000000fff00000,0x00000000fffa8000,0x0000000100000000)
  to   space 1024K, 0% used [0x00000000ffe00000,0x00000000ffe00000,0x00000000fff00000)
 ParOldGen       total 230912K, used 155655K [0x0000000083400000, 0x0000000091580000, 0x00000000d6700000)
  object space 230912K, 67% used [0x0000000083400000,0x000000008cc01ea0,0x0000000091580000)
 Metaspace       used 16260K, capacity 16465K, committed 16640K, reserved 1064960K
  class space    used 1597K, capacity 1673K, committed 1792K, reserved 1048576K
Event: 1161,181 GC heap after
Heap after GC invocations=1551 (full 4):
 PSYoungGen      total 679936K, used 736K [0x00000000d6700000, 0x0000000100000000, 0x0000000100000000)
  eden space 678912K, 0% used [0x00000000d6700000,0x00000000d6700000,0x00000000ffe00000)
  from space 1024K, 71% used [0x00000000ffe00000,0x00000000ffeb8000,0x00000000fff00000)
  to   space 1024K, 0% used [0x00000000fff00000,0x00000000fff00000,0x0000000100000000)
 ParOldGen       total 230912K, used 155687K [0x0000000083400000, 0x0000000091580000, 0x00000000d6700000)
  object space 230912K, 67% used [0x0000000083400000,0x000000008cc09ea0,0x0000000091580000)
 Metaspace       used 16260K, capacity 16465K, committed 16640K, reserved 1064960K
  class space    used 1597K, capacity 1673K, committed 1792K, reserved 1048576K
}
Event: 1161,903 GC heap before
{Heap before GC invocations=1552 (full 4):
 PSYoungGen      total 679936K, used 679648K [0x00000000d6700000, 0x0000000100000000, 0x0000000100000000)
  eden space 678912K, 100% used [0x00000000d6700000,0x00000000ffe00000,0x00000000ffe00000)
  from space 1024K, 71% used [0x00000000ffe00000,0x00000000ffeb8000,0x00000000fff00000)
  to   space 1024K, 0% used [0x00000000fff00000,0x00000000fff00000,0x0000000100000000)
 ParOldGen       total 230912K, used 155687K [0x0000000083400000, 0x0000000091580000, 0x00000000d6700000)
  object space 230912K, 67% used [0x0000000083400000,0x000000008cc09ea0,0x0000000091580000)
 Metaspace       used 16260K, capacity 16465K, committed 16640K, reserved 1064960K
  class space    used 1597K, capacity 1673K, committed 1792K, reserved 1048576K
Event: 1161,913 GC heap after
Heap after GC invocations=1552 (full 4):
 PSYoungGen      total 679936K, used 704K [0x00000000d6700000, 0x0000000100000000, 0x0000000100000000)
  eden space 678912K, 0% used [0x00000000d6700000,0x00000000d6700000,0x00000000ffe00000)
  from space 1024K, 68% used [0x00000000fff00000,0x00000000fffb0000,0x0000000100000000)
  to   space 1024K, 0% used [0x00000000ffe00000,0x00000000ffe00000,0x00000000fff00000)
 ParOldGen       total 230912K, used 155711K [0x0000000083400000, 0x0000000091580000, 0x00000000d6700000)
  object space 230912K, 67% used [0x0000000083400000,0x000000008cc0fea0,0x0000000091580000)
 Metaspace       used 16260K, capacity 16465K, committed 16640K, reserved 1064960K
  class space    used 1597K, capacity 1673K, committed 1792K, reserved 1048576K
}

