# JRE version: OpenJDK Runtime Environment (8.0_172) (build 1.8.0_172-solus-b00)
# Java VM: OpenJDK 64-Bit Server VM (25.172-b00 mixed mode linux-amd64 compressed oops)
Heap:
 PSYoungGen      total 126976K, used 101659K [0x00000000e1600000, 0x00000000ece80000, 0x0000000100000000)
  eden space 110592K, 91% used [0x00000000e1600000,0x00000000e78d6f20,0x00000000e8200000)
  from space 16384K, 2% used [0x00000000e8200000,0x00000000e8270000,0x00000000e9200000)
  to   space 16896K, 0% used [0x00000000ebe00000,0x00000000ebe00000,0x00000000ece80000)
 ParOldGen       total 266752K, used 249454K [0x00000000a4200000, 0x00000000b4680000, 0x00000000e1600000)
  object space 266752K, 93% used [0x00000000a4200000,0x00000000b359b940,0x00000000b4680000)
 Metaspace       used 13807K, capacity 13983K, committed 14336K, reserved 1062912K
  class space    used 1374K, capacity 1446K, committed 1536K, reserved 1048576K
GC Heap History (10 events):
Event: 9.333 GC heap before
{Heap before GC invocations=17 (full 0):
 PSYoungGen      total 119296K, used 118816K [0x00000000e1600000, 0x00000000eb100000, 0x0000000100000000)
  eden space 110080K, 100% used [0x00000000e1600000,0x00000000e8180000,0x00000000e8180000)
  from space 9216K, 94% used [0x00000000ea800000,0x00000000eb088080,0x00000000eb100000)
  to   space 16384K, 0% used [0x00000000e9100000,0x00000000e9100000,0x00000000ea100000)
 ParOldGen       total 266752K, used 248870K [0x00000000a4200000, 0x00000000b4680000, 0x00000000e1600000)
  object space 266752K, 93% used [0x00000000a4200000,0x00000000b3509940,0x00000000b4680000)
 Metaspace       used 13518K, capacity 13727K, committed 14080K, reserved 1062912K
  class space    used 1365K, capacity 1446K, committed 1536K, reserved 1048576K
Event: 9.336 GC heap after
Heap after GC invocations=17 (full 0):
 PSYoungGen      total 116224K, used 9728K [0x00000000e1600000, 0x00000000ea880000, 0x0000000100000000)
  eden space 105984K, 0% used [0x00000000e1600000,0x00000000e1600000,0x00000000e7d80000)
  from space 10240K, 95% used [0x00000000e9100000,0x00000000e9a80090,0x00000000e9b00000)
  to   space 13824K, 0% used [0x00000000e9b00000,0x00000000e9b00000,0x00000000ea880000)
 ParOldGen       total 266752K, used 248982K [0x00000000a4200000, 0x00000000b4680000, 0x00000000e1600000)
  object space 266752K, 93% used [0x00000000a4200000,0x00000000b3525940,0x00000000b4680000)
 Metaspace       used 13518K, capacity 13727K, committed 14080K, reserved 1062912K
  class space    used 1365K, capacity 1446K, committed 1536K, reserved 1048576K
}
Event: 9.625 GC heap before
{Heap before GC invocations=18 (full 0):
 PSYoungGen      total 116224K, used 115712K [0x00000000e1600000, 0x00000000ea880000, 0x0000000100000000)
  eden space 105984K, 100% used [0x00000000e1600000,0x00000000e7d80000,0x00000000e7d80000)
  from space 10240K, 95% used [0x00000000e9100000,0x00000000e9a80090,0x00000000e9b00000)
  to   space 13824K, 0% used [0x00000000e9b00000,0x00000000e9b00000,0x00000000ea880000)
 ParOldGen       total 266752K, used 248982K [0x00000000a4200000, 0x00000000b4680000, 0x00000000e1600000)
  object space 266752K, 93% used [0x00000000a4200000,0x00000000b3525940,0x00000000b4680000)
 Metaspace       used 13522K, capacity 13727K, committed 14080K, reserved 1062912K
  class space    used 1365K, capacity 1446K, committed 1536K, reserved 1048576K
Event: 9.630 GC heap after
Heap after GC invocations=18 (full 0):
 PSYoungGen      total 133632K, used 10784K [0x00000000e1600000, 0x00000000ec700000, 0x0000000100000000)
  eden space 119808K, 0% used [0x00000000e1600000,0x00000000e1600000,0x00000000e8b00000)
  from space 13824K, 78% used [0x00000000e9b00000,0x00000000ea5880a0,0x00000000ea880000)
  to   space 16384K, 0% used [0x00000000e8b00000,0x00000000e8b00000,0x00000000e9b00000)
 ParOldGen       total 266752K, used 249094K [0x00000000a4200000, 0x00000000b4680000, 0x00000000e1600000)
  object space 266752K, 93% used [0x00000000a4200000,0x00000000b3541940,0x00000000b4680000)
 Metaspace       used 13522K, capacity 13727K, committed 14080K, reserved 1062912K
  class space    used 1365K, capacity 1446K, committed 1536K, reserved 1048576K
}
Event: 9.967 GC heap before
{Heap before GC invocations=19 (full 0):
 PSYoungGen      total 133632K, used 130592K [0x00000000e1600000, 0x00000000ec700000, 0x0000000100000000)
  eden space 119808K, 100% used [0x00000000e1600000,0x00000000e8b00000,0x00000000e8b00000)
  from space 13824K, 78% used [0x00000000e9b00000,0x00000000ea5880a0,0x00000000ea880000)
  to   space 16384K, 0% used [0x00000000e8b00000,0x00000000e8b00000,0x00000000e9b00000)
 ParOldGen       total 266752K, used 249094K [0x00000000a4200000, 0x00000000b4680000, 0x00000000e1600000)
  object space 266752K, 93% used [0x00000000a4200000,0x00000000b3541940,0x00000000b4680000)
 Metaspace       used 13532K, capacity 13727K, committed 14080K, reserved 1062912K
  class space    used 1367K, capacity 1446K, committed 1536K, reserved 1048576K
Event: 9.970 GC heap after
Heap after GC invocations=19 (full 0):
 PSYoungGen      total 118784K, used 3403K [0x00000000e1600000, 0x00000000ea680000, 0x0000000100000000)
  eden space 115200K, 0% used [0x00000000e1600000,0x00000000e1600000,0x00000000e8680000)
  from space 3584K, 94% used [0x00000000e8b00000,0x00000000e8e52cd0,0x00000000e8e80000)
  to   space 16384K, 0% used [0x00000000e9680000,0x00000000e9680000,0x00000000ea680000)
 ParOldGen       total 266752K, used 249214K [0x00000000a4200000, 0x00000000b4680000, 0x00000000e1600000)
  object space 266752K, 93% used [0x00000000a4200000,0x00000000b355f940,0x00000000b4680000)
 Metaspace       used 13532K, capacity 13727K, committed 14080K, reserved 1062912K
  class space    used 1367K, capacity 1446K, committed 1536K, reserved 1048576K
}
Event: 10.286 GC heap before
{Heap before GC invocations=20 (full 0):
 PSYoungGen      total 118784K, used 118603K [0x00000000e1600000, 0x00000000ea680000, 0x0000000100000000)
  eden space 115200K, 100% used [0x00000000e1600000,0x00000000e8680000,0x00000000e8680000)
  from space 3584K, 94% used [0x00000000e8b00000,0x00000000e8e52cd0,0x00000000e8e80000)
  to   space 16384K, 0% used [0x00000000e9680000,0x00000000e9680000,0x00000000ea680000)
 ParOldGen       total 266752K, used 249214K [0x00000000a4200000, 0x00000000b4680000, 0x00000000e1600000)
  object space 266752K, 93% used [0x00000000a4200000,0x00000000b355f940,0x00000000b4680000)
 Metaspace       used 13535K, capacity 13727K, committed 14080K, reserved 1062912K
  class space    used 1367K, capacity 1446K, committed 1536K, reserved 1048576K
Event: 10.290 GC heap after
Heap after GC invocations=20 (full 0):
 PSYoungGen      total 122368K, used 9760K [0x00000000e1600000, 0x00000000ea200000, 0x0000000100000000)
  eden space 110592K, 0% used [0x00000000e1600000,0x00000000e1600000,0x00000000e8200000)
  from space 11776K, 82% used [0x00000000e9680000,0x00000000ea008090,0x00000000ea200000)
  to   space 16384K, 0% used [0x00000000e8200000,0x00000000e8200000,0x00000000e9200000)
 ParOldGen       total 266752K, used 249342K [0x00000000a4200000, 0x00000000b4680000, 0x00000000e1600000)
  object space 266752K, 93% used [0x00000000a4200000,0x00000000b357f940,0x00000000b4680000)
 Metaspace       used 13535K, capacity 13727K, committed 14080K, reserved 1062912K
  class space    used 1367K, capacity 1446K, committed 1536K, reserved 1048576K
}
Event: 10.592 GC heap before
{Heap before GC invocations=21 (full 0):
 PSYoungGen      total 122368K, used 120352K [0x00000000e1600000, 0x00000000ea200000, 0x0000000100000000)
  eden space 110592K, 100% used [0x00000000e1600000,0x00000000e8200000,0x00000000e8200000)
  from space 11776K, 82% used [0x00000000e9680000,0x00000000ea008090,0x00000000ea200000)
  to   space 16384K, 0% used [0x00000000e8200000,0x00000000e8200000,0x00000000e9200000)
 ParOldGen       total 266752K, used 249342K [0x00000000a4200000, 0x00000000b4680000, 0x00000000e1600000)
  object space 266752K, 93% used [0x00000000a4200000,0x00000000b357f940,0x00000000b4680000)
 Metaspace       used 13545K, capacity 13727K, committed 14080K, reserved 1062912K
  class space    used 1370K, capacity 1446K, committed 1536K, reserved 1048576K
Event: 10.596 GC heap after
Heap after GC invocations=21 (full 0):
 PSYoungGen      total 126976K, used 448K [0x00000000e1600000, 0x00000000ece80000, 0x0000000100000000)
  eden space 110592K, 0% used [0x00000000e1600000,0x00000000e1600000,0x00000000e8200000)
  from space 16384K, 2% used [0x00000000e8200000,0x00000000e8270000,0x00000000e9200000)
  to   space 16896K, 0% used [0x00000000ebe00000,0x00000000ebe00000,0x00000000ece80000)
 ParOldGen       total 266752K, used 249454K [0x00000000a4200000, 0x00000000b4680000, 0x00000000e1600000)
  object space 266752K, 93% used [0x00000000a4200000,0x00000000b359b940,0x00000000b4680000)
 Metaspace       used 13545K, capacity 13727K, committed 14080K, reserved 1062912K
  class space    used 1370K, capacity 1446K, committed 1536K, reserved 1048576K
}

